
> pannello-stufa@1.6.2 build
> next build

   ▲ Next.js 15.5.4
   - Environments: .env.local

   Creating an optimized production build ...
> [PWA] Compile server
> [PWA] Compile server
> [PWA] Compile client (static)
> [PWA] Auto register service worker with: /Users/federicomanfredi/Sites/localhost/pannello-stufa/node_modules/next-pwa/register.js
> [PWA] Service worker: /Users/federicomanfredi/Sites/localhost/pannello-stufa/public/sw.js
> [PWA]   url: /sw.js
> [PWA]   scope: /
> [PWA] Fallback to precache routes when fetch failed from cache or network:
> [PWA]   document (page): /offline
 ✓ Compiled successfully in 6.2s
   Linting and checking validity of types ...

./app/components/NotificationPreferencesPanel.js
81:6  Warning: React Hook useEffect has a missing dependency: 'loadPreferences'. Either include it or remove the dependency array.  react-hooks/exhaustive-deps

./app/components/devices/stove/StoveCard.js
141:6  Warning: React Hook useCallback has a missing dependency: 'user.sub'. Either include it or remove the dependency array.  react-hooks/exhaustive-deps

./app/components/devices/thermostat/ThermostatCard.js
69:6  Warning: React Hook useEffect has a missing dependency: 'roomsWithStatus'. Either include it or remove the dependency array.  react-hooks/exhaustive-deps

./lib/netatmoTokenHelper.js
138:1  Warning: Assign object to a variable before exporting as module default  import/no-anonymous-default-export

info  - Need to disable some ESLint rules? Learn more here: https://nextjs.org/docs/app/api-reference/config/eslint#disabling-rules
   Collecting page data ...
   Generating static pages (0/28) ...
   Generating static pages (7/28) 
   Generating static pages (14/28) 
   Generating static pages (21/28) 
 ✓ Generating static pages (28/28)
   Finalizing page optimization ...
   Collecting build traces ...

Route (app)                                 Size  First Load JS
┌ ƒ /                                      11 kB         185 kB
├ ○ /_not-found                            225 B         102 kB
├ ƒ /api/admin/sync-changelog              225 B         102 kB
├ ƒ /api/auth/[...auth0]                   225 B         102 kB
├ ƒ /api/hue/callback                      225 B         102 kB
├ ƒ /api/hue/disconnect                    225 B         102 kB
├ ƒ /api/hue/discover                      225 B         102 kB
├ ƒ /api/hue/lights                        225 B         102 kB
├ ƒ /api/hue/lights/[id]                   225 B         102 kB
├ ƒ /api/hue/pair                          225 B         102 kB
├ ƒ /api/hue/rooms                         225 B         102 kB
├ ƒ /api/hue/rooms/[id]                    225 B         102 kB
├ ƒ /api/hue/scenes                        225 B         102 kB
├ ƒ /api/hue/scenes/[id]/activate          225 B         102 kB
├ ƒ /api/hue/status                        225 B         102 kB
├ ƒ /api/hue/test                          225 B         102 kB
├ ƒ /api/log/add                           225 B         102 kB
├ ƒ /api/netatmo/callback                  225 B         102 kB
├ ƒ /api/netatmo/devices                   225 B         102 kB
├ ƒ /api/netatmo/devices-temperatures      225 B         102 kB
├ ƒ /api/netatmo/homesdata                 225 B         102 kB
├ ƒ /api/netatmo/homestatus                225 B         102 kB
├ ƒ /api/netatmo/setroomthermpoint         225 B         102 kB
├ ƒ /api/netatmo/setthermmode              225 B         102 kB
├ ƒ /api/netatmo/temperature               225 B         102 kB
├ ƒ /api/notifications/send                225 B         102 kB
├ ƒ /api/notifications/test                225 B         102 kB
├ ƒ /api/scheduler/check                   225 B         102 kB
├ ƒ /api/stove/getFan                      225 B         102 kB
├ ƒ /api/stove/getPower                    225 B         102 kB
├ ƒ /api/stove/getRoomTemperature          225 B         102 kB
├ ƒ /api/stove/ignite                      225 B         102 kB
├ ƒ /api/stove/setFan                      225 B         102 kB
├ ƒ /api/stove/setPower                    225 B         102 kB
├ ƒ /api/stove/setSettings                 225 B         102 kB
├ ƒ /api/stove/settings                    225 B         102 kB
├ ƒ /api/stove/shutdown                    225 B         102 kB
├ ƒ /api/stove/status                      225 B         102 kB
├ ƒ /api/user                              225 B         102 kB
├ ○ /changelog                           2.26 kB         175 kB
├ ○ /debug                               5.01 kB         157 kB
├ ○ /lights/authorized                   1.56 kB         175 kB
├ ○ /log                                 8.55 kB         163 kB
├ ○ /offline                              1.4 kB         174 kB
├ ○ /settings/notifications              13.3 kB         173 kB
├ ○ /stove                                 350 B         102 kB
├ ○ /stove/errors                        2.63 kB         176 kB
├ ○ /stove/maintenance                   5.51 kB         162 kB
├ ○ /stove/scheduler                     5.73 kB         163 kB
├ ○ /thermostat                           5.7 kB         179 kB
└ ○ /thermostat/authorized               1.55 kB         175 kB
+ First Load JS shared by all             102 kB
  ├ chunks/1255-1622f43a1c0ebec5.js      45.7 kB
  ├ chunks/4bd1b696-f785427dddbba9fb.js  54.2 kB
  └ other shared chunks (total)          1.97 kB


ƒ Middleware                              139 kB

○  (Static)   prerendered as static content
ƒ  (Dynamic)  server-rendered on demand

